build/app/intermediates/manifest_merge_blame_file/debug/manifest-merger-blame-debug-report.txt
1<?xml version="1.0" encoding="utf-8"?>
2<manifest xmlns:android="http://schemas.android.com/apk/res/android"
3    package="com.gofreshapartner.app"
4    android:versionCode="1"
5    android:versionName="1.0.0" >
6
7    <uses-sdk
8        android:minSdkVersion="19"
9        android:targetSdkVersion="31" />
10    <!--
11         Flutter needs it to communicate with the running application
12         to allow setting breakpoints, to provide hot reload, etc.
13    -->
14    <uses-permission android:name="android.permission.INTERNET" />
14-->src\debug\AndroidManifest.xml:6:5-66
14-->src\debug\AndroidManifest.xml:6:22-64
15    <uses-permission android:name="android.permission.ACCESS_NETWORK_STATE" />
15-->[:firebase_analytics] AndroidManifest.xml:7:5-79
15-->[:firebase_analytics] AndroidManifest.xml:7:22-76
16    <uses-permission android:name="android.permission.WAKE_LOCK" />
16-->[:firebase_analytics] AndroidManifest.xml:9:5-68
16-->[:firebase_analytics] AndroidManifest.xml:9:22-65
17    <uses-permission android:name="android.permission.RECEIVE_BOOT_COMPLETED" />
17-->[:flutter_local_notifications] AndroidManifest.xml:7:5-81
17-->[:flutter_local_notifications] AndroidManifest.xml:7:22-78
18    <uses-permission android:name="android.permission.VIBRATE" />
18-->[:flutter_local_notifications] AndroidManifest.xml:8:5-66
18-->[:flutter_local_notifications] AndroidManifest.xml:8:22-63
19    <uses-permission android:name="android.permission.USE_FULL_SCREEN_INTENT" /> <!-- Required by older versions of Google Play services to create IID tokens -->
19-->[:flutter_local_notifications] AndroidManifest.xml:9:5-81
19-->[:flutter_local_notifications] AndroidManifest.xml:9:22-78
20    <uses-permission android:name="com.google.android.c2dm.permission.RECEIVE" />
20-->[com.google.firebase:firebase-messaging:23.0.0] AndroidManifest.xml:25:5-82
20-->[com.google.firebase:firebase-messaging:23.0.0] AndroidManifest.xml:25:22-79
21    <uses-permission android:name="com.google.android.finsky.permission.BIND_GET_INSTALL_REFERRER_SERVICE" /> <!-- Include required permissions for Advertising Id -->
21-->[com.google.android.gms:play-services-measurement:20.0.2] AndroidManifest.xml:26:5-110
21-->[com.google.android.gms:play-services-measurement:20.0.2] AndroidManifest.xml:26:22-107
22    <uses-permission android:name="com.google.android.gms.permission.AD_ID" />
22-->[com.google.android.gms:play-services-ads-identifier:18.0.0] AndroidManifest.xml:23:5-79
22-->[com.google.android.gms:play-services-ads-identifier:18.0.0] AndroidManifest.xml:23:22-76
23
24    <application
24-->src\main\AndroidManifest.xml:3:4-55:19
25        android:name="androidx.multidex.MultiDexApplication"
26        android:appComponentFactory="androidx.core.app.CoreComponentFactory"
26-->[androidx.core:core:1.6.0] AndroidManifest.xml:24:18-86
27        android:debuggable="true"
28        android:icon="@mipmap/ic_launcher"
28-->src\main\AndroidManifest.xml:5:9-43
29        android:label="Gofresha Partner App" >
29-->src\main\AndroidManifest.xml:4:9-45
30        <activity
30-->src\main\AndroidManifest.xml:7:9-33:20
31            android:name="com.gofreshapartner.app.MainActivity"
31-->src\main\AndroidManifest.xml:8:13-41
32            android:configChanges="orientation|keyboardHidden|keyboard|screenSize|smallestScreenSize|locale|layoutDirection|fontScale|screenLayout|density|uiMode"
32-->src\main\AndroidManifest.xml:11:13-163
33            android:hardwareAccelerated="true"
33-->src\main\AndroidManifest.xml:12:13-47
34            android:launchMode="singleTop"
34-->src\main\AndroidManifest.xml:9:13-43
35            android:theme="@style/LaunchTheme"
35-->src\main\AndroidManifest.xml:10:13-47
36            android:windowSoftInputMode="adjustResize" >
36-->src\main\AndroidManifest.xml:13:13-55
37
38            <!--
39                 Specifies an Android theme to apply to this Activity as soon as
40                 the Android process has started. This theme is visible to the user
41                 while the Flutter UI initializes. After that, this theme continues
42                 to determine the Window background behind the Flutter UI.
43            -->
44            <meta-data
44-->src\main\AndroidManifest.xml:18:13-20:60
45                android:name="com.google.firebase.messaging.default_notification_icon"
45-->src\main\AndroidManifest.xml:19:15-85
46                android:resource="@mipmap/newnotification" />
46-->src\main\AndroidManifest.xml:20:15-57
47            <meta-data
47-->src\main\AndroidManifest.xml:21:13-24:17
48                android:name="io.flutter.embedding.android.NormalTheme"
48-->src\main\AndroidManifest.xml:22:15-70
49                android:resource="@style/NormalTheme" />
49-->src\main\AndroidManifest.xml:23:15-52
50            <meta-data
50-->src\main\AndroidManifest.xml:25:13-28:17
51                android:name="io.flutter.embedding.android.SplashScreenDrawable"
51-->src\main\AndroidManifest.xml:26:15-79
52                android:resource="@drawable/launch_background" />
52-->src\main\AndroidManifest.xml:27:15-61
53
54            <intent-filter>
54-->src\main\AndroidManifest.xml:29:13-32:29
55                <action android:name="android.intent.action.MAIN" />
55-->src\main\AndroidManifest.xml:30:17-68
55-->src\main\AndroidManifest.xml:30:25-66
56
57                <category android:name="android.intent.category.LAUNCHER" />
57-->src\main\AndroidManifest.xml:31:17-76
57-->src\main\AndroidManifest.xml:31:27-74
58            </intent-filter>
59        </activity>
60        <activity
60-->src\main\AndroidManifest.xml:34:10-37:71
61            android:name="com.yalantis.ucrop.UCropActivity"
61-->src\main\AndroidManifest.xml:35:13-60
62            android:screenOrientation="portrait"
62-->src\main\AndroidManifest.xml:36:13-49
63            android:theme="@style/Theme.AppCompat.Light.NoActionBar" />
63-->src\main\AndroidManifest.xml:37:13-69
64
65        <!--
66             Don't delete the meta-data below.
67             This is used by the Flutter tool to generate GeneratedPluginRegistrant.java
68        -->
69        <meta-data
69-->src\main\AndroidManifest.xml:41:9-43:33
70            android:name="flutterEmbedding"
70-->src\main\AndroidManifest.xml:42:13-44
71            android:value="2" />
71-->src\main\AndroidManifest.xml:43:13-30
72        <meta-data
72-->src\main\AndroidManifest.xml:44:9-46:71
73            android:name="com.google.firebase.messaging.default_notification_channel_id"
73-->src\main\AndroidManifest.xml:45:13-89
74            android:value="@string/default_notification_channel_id" />
74-->src\main\AndroidManifest.xml:46:13-68
75
76        <service
76-->src\main\AndroidManifest.xml:47:9-53:19
77            android:name="com.google.firebase.messaging.FirebaseMessagingService"
77-->src\main\AndroidManifest.xml:48:13-82
78            android:directBootAware="true"
78-->[com.google.firebase:firebase-messaging:23.0.0] AndroidManifest.xml:43:13-43
79            android:exported="false" >
79-->src\main\AndroidManifest.xml:49:13-37
80            <intent-filter>
80-->src\main\AndroidManifest.xml:50:13-52:29
81                <action android:name="com.google.firebase.MESSAGING_EVENT" />
81-->src\main\AndroidManifest.xml:51:17-78
81-->src\main\AndroidManifest.xml:51:25-75
82            </intent-filter>
83            <intent-filter android:priority="-500" >
83-->src\main\AndroidManifest.xml:50:13-52:29
84                <action android:name="com.google.firebase.MESSAGING_EVENT" />
84-->src\main\AndroidManifest.xml:51:17-78
84-->src\main\AndroidManifest.xml:51:25-75
85            </intent-filter>
86        </service>
87        <service
87-->[:firebase_analytics] AndroidManifest.xml:12:9-16:19
88            android:name="com.google.firebase.components.ComponentDiscoveryService"
88-->[:firebase_analytics] AndroidManifest.xml:12:18-89
89            android:directBootAware="true"
89-->[com.google.firebase:firebase-common:20.0.0] AndroidManifest.xml:35:13-43
90            android:exported="false" >
90-->[com.google.firebase:firebase-messaging:23.0.0] AndroidManifest.xml:51:13-37
91            <meta-data
91-->[:firebase_analytics] AndroidManifest.xml:13:13-15:85
92                android:name="com.google.firebase.components:io.flutter.plugins.firebaseanalytics.FlutterFirebaseAppRegistrar"
92-->[:firebase_analytics] AndroidManifest.xml:14:17-127
93                android:value="com.google.firebase.components.ComponentRegistrar" />
93-->[:firebase_analytics] AndroidManifest.xml:15:17-82
94            <meta-data
94-->[:firebase_messaging] AndroidManifest.xml:34:13-36:85
95                android:name="com.google.firebase.components:io.flutter.plugins.firebase.messaging.FlutterFirebaseAppRegistrar"
95-->[:firebase_messaging] AndroidManifest.xml:35:17-128
96                android:value="com.google.firebase.components.ComponentRegistrar" />
96-->[:firebase_messaging] AndroidManifest.xml:36:17-82
97            <meta-data
97-->[:firebase_core] AndroidManifest.xml:9:13-11:85
98                android:name="com.google.firebase.components:io.flutter.plugins.firebase.core.FlutterFirebaseCoreRegistrar"
98-->[:firebase_core] AndroidManifest.xml:10:17-124
99                android:value="com.google.firebase.components.ComponentRegistrar" />
99-->[:firebase_core] AndroidManifest.xml:11:17-82
100            <meta-data
100-->[com.google.firebase:firebase-messaging:23.0.0] AndroidManifest.xml:52:13-54:85
101                android:name="com.google.firebase.components:com.google.firebase.messaging.FirebaseMessagingRegistrar"
101-->[com.google.firebase:firebase-messaging:23.0.0] AndroidManifest.xml:53:17-119
102                android:value="com.google.firebase.components.ComponentRegistrar" />
102-->[com.google.firebase:firebase-messaging:23.0.0] AndroidManifest.xml:54:17-82
103            <meta-data
103-->[com.google.firebase:firebase-datatransport:18.0.0] AndroidManifest.xml:28:13-30:85
104                android:name="com.google.firebase.components:com.google.firebase.datatransport.TransportRegistrar"
104-->[com.google.firebase:firebase-datatransport:18.0.0] AndroidManifest.xml:29:17-115
105                android:value="com.google.firebase.components.ComponentRegistrar" />
105-->[com.google.firebase:firebase-datatransport:18.0.0] AndroidManifest.xml:30:17-82
106            <meta-data
106-->[com.google.android.gms:play-services-measurement-api:20.0.2] AndroidManifest.xml:30:13-32:85
107                android:name="com.google.firebase.components:com.google.firebase.analytics.connector.internal.AnalyticsConnectorRegistrar"
107-->[com.google.android.gms:play-services-measurement-api:20.0.2] AndroidManifest.xml:31:17-139
108                android:value="com.google.firebase.components.ComponentRegistrar" />
108-->[com.google.android.gms:play-services-measurement-api:20.0.2] AndroidManifest.xml:32:17-82
109            <meta-data
109-->[com.google.firebase:firebase-installations:17.0.0] AndroidManifest.xml:18:13-20:85
110                android:name="com.google.firebase.components:com.google.firebase.installations.FirebaseInstallationsRegistrar"
110-->[com.google.firebase:firebase-installations:17.0.0] AndroidManifest.xml:19:17-127
111                android:value="com.google.firebase.components.ComponentRegistrar" />
111-->[com.google.firebase:firebase-installations:17.0.0] AndroidManifest.xml:20:17-82
112        </service>
113        <service
113-->[:firebase_messaging] AndroidManifest.xml:12:9-15:72
114            android:name="io.flutter.plugins.firebase.messaging.FlutterFirebaseMessagingBackgroundService"
114-->[:firebase_messaging] AndroidManifest.xml:13:13-107
115            android:exported="false"
115-->[:firebase_messaging] AndroidManifest.xml:14:13-37
116            android:permission="android.permission.BIND_JOB_SERVICE" />
116-->[:firebase_messaging] AndroidManifest.xml:15:13-69
117        <service
117-->[:firebase_messaging] AndroidManifest.xml:16:9-22:19
118            android:name="io.flutter.plugins.firebase.messaging.FlutterFirebaseMessagingService"
118-->[:firebase_messaging] AndroidManifest.xml:17:13-97
119            android:exported="false" >
119-->[:firebase_messaging] AndroidManifest.xml:18:13-37
120            <intent-filter>
120-->src\main\AndroidManifest.xml:50:13-52:29
121                <action android:name="com.google.firebase.MESSAGING_EVENT" />
121-->src\main\AndroidManifest.xml:51:17-78
121-->src\main\AndroidManifest.xml:51:25-75
122            </intent-filter>
123        </service>
124
125        <receiver
125-->[:firebase_messaging] AndroidManifest.xml:24:9-31:20
126            android:name="io.flutter.plugins.firebase.messaging.FlutterFirebaseMessagingReceiver"
126-->[:firebase_messaging] AndroidManifest.xml:25:13-98
127            android:exported="true"
127-->[:firebase_messaging] AndroidManifest.xml:26:13-36
128            android:permission="com.google.android.c2dm.permission.SEND" >
128-->[:firebase_messaging] AndroidManifest.xml:27:13-73
129            <intent-filter>
129-->[:firebase_messaging] AndroidManifest.xml:28:13-30:29
130                <action android:name="com.google.android.c2dm.intent.RECEIVE" />
130-->[:firebase_messaging] AndroidManifest.xml:29:17-81
130-->[:firebase_messaging] AndroidManifest.xml:29:25-78
131            </intent-filter>
132        </receiver>
133
134        <provider
134-->[:firebase_messaging] AndroidManifest.xml:39:9-43:38
135            android:name="io.flutter.plugins.firebase.messaging.FlutterFirebaseMessagingInitProvider"
135-->[:firebase_messaging] AndroidManifest.xml:40:13-102
136            android:authorities="com.gofreshapartner.app.flutterfirebasemessaginginitprovider"
136-->[:firebase_messaging] AndroidManifest.xml:41:13-88
137            android:exported="false"
137-->[:firebase_messaging] AndroidManifest.xml:42:13-37
138            android:initOrder="99" />
138-->[:firebase_messaging] AndroidManifest.xml:43:13-35
139        <provider
139-->[:image_picker] AndroidManifest.xml:8:9-16:20
140            android:name="io.flutter.plugins.imagepicker.ImagePickerFileProvider"
140-->[:image_picker] AndroidManifest.xml:9:13-82
141            android:authorities="com.gofreshapartner.app.flutter.image_provider"
141-->[:image_picker] AndroidManifest.xml:10:13-74
142            android:exported="false"
142-->[:image_picker] AndroidManifest.xml:11:13-37
143            android:grantUriPermissions="true" >
143-->[:image_picker] AndroidManifest.xml:12:13-47
144            <meta-data
144-->[:image_picker] AndroidManifest.xml:13:13-15:75
145                android:name="android.support.FILE_PROVIDER_PATHS"
145-->[:image_picker] AndroidManifest.xml:14:17-67
146                android:resource="@xml/flutter_image_picker_file_paths" />
146-->[:image_picker] AndroidManifest.xml:15:17-72
147        </provider>
148
149        <receiver android:name="com.dexterous.flutterlocalnotifications.ScheduledNotificationReceiver" />
149-->[:flutter_local_notifications] AndroidManifest.xml:12:9-106
149-->[:flutter_local_notifications] AndroidManifest.xml:12:19-103
150        <receiver android:name="com.dexterous.flutterlocalnotifications.ScheduledNotificationBootReceiver" >
150-->[:flutter_local_notifications] AndroidManifest.xml:13:9-20:20
150-->[:flutter_local_notifications] AndroidManifest.xml:13:19-107
151            <intent-filter>
151-->[:flutter_local_notifications] AndroidManifest.xml:14:13-19:29
152                <action android:name="android.intent.action.BOOT_COMPLETED" />
152-->[:flutter_local_notifications] AndroidManifest.xml:15:17-79
152-->[:flutter_local_notifications] AndroidManifest.xml:15:25-76
153                <action android:name="android.intent.action.MY_PACKAGE_REPLACED" />
153-->[:flutter_local_notifications] AndroidManifest.xml:16:17-84
153-->[:flutter_local_notifications] AndroidManifest.xml:16:25-81
154                <action android:name="android.intent.action.QUICKBOOT_POWERON" />
154-->[:flutter_local_notifications] AndroidManifest.xml:17:17-82
154-->[:flutter_local_notifications] AndroidManifest.xml:17:25-79
155                <action android:name="com.htc.intent.action.QUICKBOOT_POWERON" />
155-->[:flutter_local_notifications] AndroidManifest.xml:18:17-82
155-->[:flutter_local_notifications] AndroidManifest.xml:18:25-79
156            </intent-filter>
157        </receiver>
158
159        <activity
159-->[:url_launcher_android] AndroidManifest.xml:8:9-11:74
160            android:name="io.flutter.plugins.urllauncher.WebViewActivity"
160-->[:url_launcher_android] AndroidManifest.xml:9:13-74
161            android:exported="false"
161-->[:url_launcher_android] AndroidManifest.xml:10:13-37
162            android:theme="@android:style/Theme.NoTitleBar.Fullscreen" />
162-->[:url_launcher_android] AndroidManifest.xml:11:13-71
163
164        <receiver
164-->[com.google.firebase:firebase-messaging:23.0.0] AndroidManifest.xml:28:9-35:20
165            android:name="com.google.firebase.iid.FirebaseInstanceIdReceiver"
165-->[com.google.firebase:firebase-messaging:23.0.0] AndroidManifest.xml:29:13-78
166            android:exported="true"
166-->[com.google.firebase:firebase-messaging:23.0.0] AndroidManifest.xml:30:13-36
167            android:permission="com.google.android.c2dm.permission.SEND" >
167-->[com.google.firebase:firebase-messaging:23.0.0] AndroidManifest.xml:31:13-73
168            <intent-filter>
168-->[:firebase_messaging] AndroidManifest.xml:28:13-30:29
169                <action android:name="com.google.android.c2dm.intent.RECEIVE" />
169-->[:firebase_messaging] AndroidManifest.xml:29:17-81
169-->[:firebase_messaging] AndroidManifest.xml:29:25-78
170            </intent-filter>
171        </receiver>
172
173        <service
173-->[com.google.android.datatransport:transport-backend-cct:3.0.0] AndroidManifest.xml:29:9-35:19
174            android:name="com.google.android.datatransport.runtime.backends.TransportBackendDiscovery"
174-->[com.google.android.datatransport:transport-backend-cct:3.0.0] AndroidManifest.xml:30:13-103
175            android:exported="false" >
175-->[com.google.android.datatransport:transport-backend-cct:3.0.0] AndroidManifest.xml:31:13-37
176            <meta-data
176-->[com.google.android.datatransport:transport-backend-cct:3.0.0] AndroidManifest.xml:32:13-34:39
177                android:name="backend:com.google.android.datatransport.cct.CctBackendFactory"
177-->[com.google.android.datatransport:transport-backend-cct:3.0.0] AndroidManifest.xml:33:17-94
178                android:value="cct" />
178-->[com.google.android.datatransport:transport-backend-cct:3.0.0] AndroidManifest.xml:34:17-36
179        </service>
180
181        <provider
181-->[com.google.firebase:firebase-common:20.0.0] AndroidManifest.xml:26:9-31:39
182            android:name="com.google.firebase.provider.FirebaseInitProvider"
182-->[com.google.firebase:firebase-common:20.0.0] AndroidManifest.xml:27:13-77
183            android:authorities="com.gofreshapartner.app.firebaseinitprovider"
183-->[com.google.firebase:firebase-common:20.0.0] AndroidManifest.xml:28:13-72
184            android:directBootAware="true"
184-->[com.google.firebase:firebase-common:20.0.0] AndroidManifest.xml:29:13-43
185            android:exported="false"
185-->[com.google.firebase:firebase-common:20.0.0] AndroidManifest.xml:30:13-37
186            android:initOrder="100" />
186-->[com.google.firebase:firebase-common:20.0.0] AndroidManifest.xml:31:13-36
187
188        <receiver
188-->[com.google.android.gms:play-services-measurement:20.0.2] AndroidManifest.xml:29:9-33:20
189            android:name="com.google.android.gms.measurement.AppMeasurementReceiver"
189-->[com.google.android.gms:play-services-measurement:20.0.2] AndroidManifest.xml:30:13-85
190            android:enabled="true"
190-->[com.google.android.gms:play-services-measurement:20.0.2] AndroidManifest.xml:31:13-35
191            android:exported="false" >
191-->[com.google.android.gms:play-services-measurement:20.0.2] AndroidManifest.xml:32:13-37
192        </receiver>
193
194        <service
194-->[com.google.android.gms:play-services-measurement:20.0.2] AndroidManifest.xml:35:9-38:40
195            android:name="com.google.android.gms.measurement.AppMeasurementService"
195-->[com.google.android.gms:play-services-measurement:20.0.2] AndroidManifest.xml:36:13-84
196            android:enabled="true"
196-->[com.google.android.gms:play-services-measurement:20.0.2] AndroidManifest.xml:37:13-35
197            android:exported="false" />
197-->[com.google.android.gms:play-services-measurement:20.0.2] AndroidManifest.xml:38:13-37
198        <service
198-->[com.google.android.gms:play-services-measurement:20.0.2] AndroidManifest.xml:39:9-43:72
199            android:name="com.google.android.gms.measurement.AppMeasurementJobService"
199-->[com.google.android.gms:play-services-measurement:20.0.2] AndroidManifest.xml:40:13-87
200            android:enabled="true"
200-->[com.google.android.gms:play-services-measurement:20.0.2] AndroidManifest.xml:41:13-35
201            android:exported="false"
201-->[com.google.android.gms:play-services-measurement:20.0.2] AndroidManifest.xml:42:13-37
202            android:permission="android.permission.BIND_JOB_SERVICE" />
202-->[com.google.android.gms:play-services-measurement:20.0.2] AndroidManifest.xml:43:13-69
203
204        <meta-data
204-->[com.google.android.gms:play-services-basement:18.0.0] AndroidManifest.xml:21:9-23:69
205            android:name="com.google.android.gms.version"
205-->[com.google.android.gms:play-services-basement:18.0.0] AndroidManifest.xml:22:13-58
206            android:value="@integer/google_play_services_version" />
206-->[com.google.android.gms:play-services-basement:18.0.0] AndroidManifest.xml:23:13-66
207
208        <service
208-->[com.google.android.datatransport:transport-runtime:3.0.0] AndroidManifest.xml:26:9-30:19
209            android:name="com.google.android.datatransport.runtime.scheduling.jobscheduling.JobInfoSchedulerService"
209-->[com.google.android.datatransport:transport-runtime:3.0.0] AndroidManifest.xml:27:13-117
210            android:exported="false"
210-->[com.google.android.datatransport:transport-runtime:3.0.0] AndroidManifest.xml:28:13-37
211            android:permission="android.permission.BIND_JOB_SERVICE" >
211-->[com.google.android.datatransport:transport-runtime:3.0.0] AndroidManifest.xml:29:13-69
212        </service>
213
214        <receiver
214-->[com.google.android.datatransport:transport-runtime:3.0.0] AndroidManifest.xml:32:9-34:40
215            android:name="com.google.android.datatransport.runtime.scheduling.jobscheduling.AlarmManagerSchedulerBroadcastReceiver"
215-->[com.google.android.datatransport:transport-runtime:3.0.0] AndroidManifest.xml:33:13-132
216            android:exported="false" />
216-->[com.google.android.datatransport:transport-runtime:3.0.0] AndroidManifest.xml:34:13-37
217    </application>
218
219</manifest>